<?xml version="1.0" encoding="UTF-8"?>
<!-- Generated by org.testng.reporters.JUnitReportReporter -->
<testsuite hostname="DESKTOP-IMBM639" failures="0" tests="1" name="APIChaining.DeleteUser" time="0.538" errors="0" timestamp="2025-07-12T15:17:02 PKT" skipped="0">
  <testcase classname="APIChaining.DeleteUser" name="deleteUser" time="0.538"/>
</testsuite> <!-- APIChaining.DeleteUser -->
