<?xml version="1.0" encoding="UTF-8"?>
<!-- Generated by org.testng.reporters.JUnitReportReporter -->
<testsuite hostname="DESKTOP-IMBM639" failures="0" tests="1" name="RestAssuredAPI.RestAssuredAPI.ParsingJSONResponseData" time="2.035" errors="0" timestamp="2025-06-17T02:00:49 PKT" skipped="0">
  <testcase classname="RestAssuredAPI.RestAssuredAPI.ParsingJSONResponseData" name="testJSONResponse3" time="2.035"/>
</testsuite> <!-- RestAssuredAPI.RestAssuredAPI.ParsingJSONResponseData -->
