<?xml version="1.0" encoding="UTF-8"?>
<!-- Generated by org.testng.reporters.JUnitReportReporter -->
<testsuite hostname="DESKTOP-IMBM639" failures="0" tests="1" name="RestAssuredAPI.RestAssuredAPI.ParsingXMLResponse" time="9.225" errors="0" timestamp="2025-06-19T01:26:17 PKT" skipped="0">
  <testcase classname="RestAssuredAPI.RestAssuredAPI.ParsingXMLResponse" name="testXMLResponse2" time="9.225"/>
</testsuite> <!-- RestAssuredAPI.RestAssuredAPI.ParsingXMLResponse -->
