<?xml version="1.0" encoding="UTF-8"?>
<!-- Generated by org.testng.reporters.JUnitReportReporter -->
<testsuite hostname="DESKTOP-IMBM639" failures="0" tests="1" name="RestAssuredAPI.RestAssuredAPI.PathAndQueryParameters" time="4.310" errors="0" timestamp="2025-06-16T00:36:22 PKT" skipped="0">
  <testcase classname="RestAssuredAPI.RestAssuredAPI.PathAndQueryParameters" name="pathAndQueryParamteters" time="4.310"/>
</testsuite> <!-- RestAssuredAPI.RestAssuredAPI.PathAndQueryParameters -->
