<?xml version="1.0" encoding="UTF-8"?>
<!-- Generated by org.testng.reporters.JUnitReportReporter -->
<testsuite hostname="DESKTOP-IMBM639" failures="0" tests="1" name="APIChaining.CreateUser" time="4.340" errors="0" timestamp="2025-07-12T15:17:02 PKT" skipped="0">
  <testcase classname="APIChaining.CreateUser" name="createUserWithApiKey" time="4.340"/>
</testsuite> <!-- APIChaining.CreateUser -->
