<?xml version="1.0" encoding="UTF-8"?>
<!-- Generated by org.testng.reporters.JUnitReportReporter -->
<testsuite hostname="DESKTOP-IMBM639" failures="0" tests="1" name="RestAssuredAPI.RestAssuredAPI.XMLSchemaValidation" time="4.145" errors="0" timestamp="2025-07-01T00:22:39 PKT" skipped="0">
  <testcase classname="RestAssuredAPI.RestAssuredAPI.XMLSchemaValidation" name="xmlSchemaValidation" time="4.145"/>
</testsuite> <!-- RestAssuredAPI.RestAssuredAPI.XMLSchemaValidation -->
