<?xml version="1.0" encoding="UTF-8"?>
<!-- Generated by org.testng.reporters.JUnitReportReporter -->
<testsuite hostname="DESKTOP-IMBM639" failures="0" tests="1" name="RestAssuredAPI.RestAssuredAPI.JSONSchemaValidation" time="11.795" errors="0" timestamp="2025-06-30T23:48:34 PKT" skipped="0">
  <testcase classname="RestAssuredAPI.RestAssuredAPI.JSONSchemaValidation" name="jsonSchemaValidation" time="11.795"/>
</testsuite> <!-- RestAssuredAPI.RestAssuredAPI.JSONSchemaValidation -->
