<?xml version="1.0" encoding="UTF-8"?>
<!-- Generated by org.testng.reporters.JUnitReportReporter -->
<testsuite hostname="DESKTOP-IMBM639" failures="0" tests="3" name="RestAssuredAPI.RestAssuredAPI.HTTPRequests" time="7.580" errors="0" timestamp="2025-06-14T18:53:29 PKT" skipped="0">
  <testcase classname="RestAssuredAPI.RestAssuredAPI.HTTPRequests" name="createUserWithApiKey" time="4.149"/>
  <testcase classname="RestAssuredAPI.RestAssuredAPI.HTTPRequests" name="updateUser" time="0.806"/>
  <testcase classname="RestAssuredAPI.RestAssuredAPI.HTTPRequests" name="deleteUser" time="2.625"/>
</testsuite> <!-- RestAssuredAPI.RestAssuredAPI.HTTPRequests -->
