<?xml version="1.0" encoding="UTF-8"?>
<!-- Generated by org.testng.reporters.JUnitReportReporter -->
<testsuite hostname="DESKTOP-IMBM639" failures="0" tests="1" name="APIChaining.GetUser" time="0.599" errors="0" timestamp="2025-07-12T15:17:02 PKT" skipped="0">
  <testcase classname="APIChaining.GetUser" name="getUsers" time="0.599"/>
</testsuite> <!-- APIChaining.GetUser -->
