<?xml version="1.0" encoding="UTF-8"?>
<!-- Generated by org.testng.reporters.JUnitReportReporter -->
<testsuite hostname="DESKTOP-IMBM639" failures="0" tests="1" name="RestAssuredAPI.RestAssuredAPI.Headers" time="5.262" errors="0" timestamp="2025-06-16T01:32:23 PKT" skipped="0">
  <testcase classname="RestAssuredAPI.RestAssuredAPI.Headers" name="testHeaders" time="5.262"/>
</testsuite> <!-- RestAssuredAPI.RestAssuredAPI.Headers -->
