<?xml version="1.0" encoding="UTF-8"?>
<!-- Generated by org.testng.reporters.JUnitReportReporter -->
<testsuite hostname="DESKTOP-IMBM639" failures="0" tests="1" name="RestAssuredAPI.RestAssuredAPI.FakerDataGenerator" time="0.373" errors="0" timestamp="2025-07-08T00:53:42 PKT" skipped="0">
  <testcase classname="RestAssuredAPI.RestAssuredAPI.FakerDataGenerator" name="generateDummyData" time="0.373"/>
</testsuite> <!-- RestAssuredAPI.RestAssuredAPI.FakerDataGenerator -->
