<?xml version="1.0" encoding="UTF-8"?>
<!-- Generated by org.testng.reporters.JUnitReportReporter -->
<testsuite hostname="DESKTOP-IMBM639" failures="0" tests="1" name="RestAssuredAPI.RestAssuredAPI.Authentications" time="3.362" errors="0" timestamp="2025-07-08T00:24:59 PKT" skipped="0">
  <testcase classname="RestAssuredAPI.RestAssuredAPI.Authentications" name="testOAuth2Authentication" time="3.362"/>
</testsuite> <!-- RestAssuredAPI.RestAssuredAPI.Authentications -->
