<?xml version="1.0" encoding="UTF-8"?>
<!-- Generated by org.testng.reporters.JUnitReportReporter -->
<testsuite hostname="DESKTOP-IMBM639" failures="0" tests="1" name="RestAssuredAPI.RestAssuredAPI.DownloadFile" time="3.007" errors="0" timestamp="2025-06-20T01:11:59 PKT" skipped="0">
  <testcase classname="RestAssuredAPI.RestAssuredAPI.DownloadFile" name="downloadFile" time="3.007"/>
</testsuite> <!-- RestAssuredAPI.RestAssuredAPI.DownloadFile -->
