<?xml version="1.0" encoding="UTF-8"?>
<!-- Generated by org.testng.reporters.JUnitReportReporter -->
<testsuite hostname="DESKTOP-IMBM639" failures="0" tests="2" name="RestAssuredAPI.RestAssuredAPI.Cookies" time="4.325" errors="0" timestamp="2025-06-16T01:23:06 PKT" skipped="0">
  <testcase classname="RestAssuredAPI.RestAssuredAPI.Cookies" name="getCookiesInfo" time="3.027"/>
  <testcase classname="RestAssuredAPI.RestAssuredAPI.Cookies" name="testCookies" time="1.298"/>
</testsuite> <!-- RestAssuredAPI.RestAssuredAPI.Cookies -->
