<?xml version="1.0" encoding="UTF-8"?>
<!-- Generated by org.testng.reporters.JUnitReportReporter -->
<testsuite hostname="DESKTOP-IMBM639" failures="0" tests="1" name="RestAssuredAPI.RestAssuredAPI.SerializationDeserialization" time="0.328" errors="0" timestamp="2025-07-02T00:01:39 PKT" skipped="0">
  <testcase classname="RestAssuredAPI.RestAssuredAPI.SerializationDeserialization" name="convertJson2Pojo" time="0.328"/>
</testsuite> <!-- RestAssuredAPI.RestAssuredAPI.SerializationDeserialization -->
