<?xml version="1.0" encoding="UTF-8"?>
<!-- Generated by org.testng.reporters.JUnitReportReporter -->
<testsuite hostname="DESKTOP-IMBM639" failures="0" tests="1" name="RestAssuredAPI.RestAssuredAPI.UploadFile" time="4.403" errors="0" timestamp="2025-06-20T00:42:40 PKT" skipped="0">
  <testcase classname="RestAssuredAPI.RestAssuredAPI.UploadFile" name="uploadImageFile" time="4.403"/>
</testsuite> <!-- RestAssuredAPI.RestAssuredAPI.UploadFile -->
