<?xml version="1.0" encoding="UTF-8"?>
<!-- Generated by org.testng.reporters.JUnitReportReporter -->
<testsuite hostname="DESKTOP-IMBM639" failures="0" tests="1" name="RestAssuredAPI.RestAssuredAPI.LoggingTest" time="3.035" errors="0" timestamp="2025-06-16T02:04:16 PKT" skipped="0">
  <testcase classname="RestAssuredAPI.RestAssuredAPI.LoggingTest" name="testLogs" time="3.035"/>
</testsuite> <!-- RestAssuredAPI.RestAssuredAPI.LoggingTest -->
