<?xml version="1.0" encoding="UTF-8"?>
<!-- Generated by org.testng.reporters.JUnitReportReporter -->
<testsuite hostname="DESKTOP-IMBM639" failures="0" tests="2" name="RestAssuredAPI.RestAssuredAPI.DiffWaysToCreatePostRequestBody" time="3.233" errors="0" timestamp="2025-06-15T01:19:12 PKT" skipped="0">
  <testcase classname="RestAssuredAPI.RestAssuredAPI.DiffWaysToCreatePostRequestBody" name="postRequestUsingExternalJsonFile" time="3.188"/>
  <testcase classname="RestAssuredAPI.RestAssuredAPI.DiffWaysToCreatePostRequestBody" name="deleteStudent" time="0.045"/>
</testsuite> <!-- RestAssuredAPI.RestAssuredAPI.DiffWaysToCreatePostRequestBody -->
